Performing C SOURCE FILE Test CMAKE_HAVE_LIBC_PTHREAD failed with the following output:
Change Dir: /home/comsee/Internship_Antony/neuvisys/neuvisys-cpp/build/libs/motor_control/gmock/CMakeFiles/CMakeTmp

Run Build Command(s):/usr/bin/make cmTC_a0277/fast && make[3]: Entering directory '/home/comsee/Internship_Antony/neuvisys/neuvisys-cpp/build/libs/motor_control/gmock/CMakeFiles/CMakeTmp'
/usr/bin/make -f CMakeFiles/cmTC_a0277.dir/build.make CMakeFiles/cmTC_a0277.dir/build
make[4]: Entering directory '/home/comsee/Internship_Antony/neuvisys/neuvisys-cpp/build/libs/motor_control/gmock/CMakeFiles/CMakeTmp'
Building C object CMakeFiles/cmTC_a0277.dir/src.c.o
/usr/bin/cc   -DCMAKE_HAVE_LIBC_PTHREAD   -o CMakeFiles/cmTC_a0277.dir/src.c.o   -c /home/comsee/Internship_Antony/neuvisys/neuvisys-cpp/build/libs/motor_control/gmock/CMakeFiles/CMakeTmp/src.c
Linking C executable cmTC_a0277
/usr/bin/cmake -E cmake_link_script CMakeFiles/cmTC_a0277.dir/link.txt --verbose=1
/usr/bin/cc  -DCMAKE_HAVE_LIBC_PTHREAD    -rdynamic CMakeFiles/cmTC_a0277.dir/src.c.o  -o cmTC_a0277 
/usr/bin/ld: CMakeFiles/cmTC_a0277.dir/src.c.o: in function `main':
src.c:(.text+0x46): undefined reference to `pthread_create'
/usr/bin/ld: src.c:(.text+0x52): undefined reference to `pthread_detach'
/usr/bin/ld: src.c:(.text+0x63): undefined reference to `pthread_join'
collect2: error: ld returned 1 exit status
make[4]: *** [CMakeFiles/cmTC_a0277.dir/build.make:87: cmTC_a0277] Error 1
make[4]: Leaving directory '/home/comsee/Internship_Antony/neuvisys/neuvisys-cpp/build/libs/motor_control/gmock/CMakeFiles/CMakeTmp'
make[3]: *** [Makefile:121: cmTC_a0277/fast] Error 2
make[3]: Leaving directory '/home/comsee/Internship_Antony/neuvisys/neuvisys-cpp/build/libs/motor_control/gmock/CMakeFiles/CMakeTmp'


Source file was:
#include <pthread.h>

void* test_func(void* data)
{
  return data;
}

int main(void)
{
  pthread_t thread;
  pthread_create(&thread, NULL, test_func, NULL);
  pthread_detach(thread);
  pthread_join(thread, NULL);
  pthread_atfork(NULL, NULL, NULL);
  pthread_exit(NULL);

  return 0;
}

Determining if the function pthread_create exists in the pthreads failed with the following output:
Change Dir: /home/comsee/Internship_Antony/neuvisys/neuvisys-cpp/build/libs/motor_control/gmock/CMakeFiles/CMakeTmp

Run Build Command(s):/usr/bin/make cmTC_1a103/fast && make[3]: Entering directory '/home/comsee/Internship_Antony/neuvisys/neuvisys-cpp/build/libs/motor_control/gmock/CMakeFiles/CMakeTmp'
/usr/bin/make -f CMakeFiles/cmTC_1a103.dir/build.make CMakeFiles/cmTC_1a103.dir/build
make[4]: Entering directory '/home/comsee/Internship_Antony/neuvisys/neuvisys-cpp/build/libs/motor_control/gmock/CMakeFiles/CMakeTmp'
Building C object CMakeFiles/cmTC_1a103.dir/CheckFunctionExists.c.o
/usr/bin/cc   -DCHECK_FUNCTION_EXISTS=pthread_create   -o CMakeFiles/cmTC_1a103.dir/CheckFunctionExists.c.o   -c /usr/share/cmake-3.16/Modules/CheckFunctionExists.c
Linking C executable cmTC_1a103
/usr/bin/cmake -E cmake_link_script CMakeFiles/cmTC_1a103.dir/link.txt --verbose=1
/usr/bin/cc  -DCHECK_FUNCTION_EXISTS=pthread_create    -rdynamic CMakeFiles/cmTC_1a103.dir/CheckFunctionExists.c.o  -o cmTC_1a103  -lpthreads 
/usr/bin/ld: cannot find -lpthreads
collect2: error: ld returned 1 exit status
make[4]: *** [CMakeFiles/cmTC_1a103.dir/build.make:87: cmTC_1a103] Error 1
make[4]: Leaving directory '/home/comsee/Internship_Antony/neuvisys/neuvisys-cpp/build/libs/motor_control/gmock/CMakeFiles/CMakeTmp'
make[3]: *** [Makefile:121: cmTC_1a103/fast] Error 2
make[3]: Leaving directory '/home/comsee/Internship_Antony/neuvisys/neuvisys-cpp/build/libs/motor_control/gmock/CMakeFiles/CMakeTmp'



